2019-01-17 14:48:48,114 INFO =*=*=*=*=*=*=*=*=*=*=*=*=*=*=*=*=*=*=*=*=*
2019-01-17 14:48:48,114 INFO =*=*=*=*=*=.      NEW LOG      =*=*=*=*=*
2019-01-17 14:48:48,114 INFO =*=*=*=*=*=*=*=*=*=*=*=*=*=*=*=*=*=*=*=*=*
2019-01-17 14:50:00,423 INFO =*=*=*=*=*=*=*=*=*=*=*=*=*=*=*=*=*=*=*=*=*
2019-01-17 14:50:00,423 INFO =*=*=*=*=*=.      NEW LOG      =*=*=*=*=*
2019-01-17 14:50:00,423 INFO =*=*=*=*=*=*=*=*=*=*=*=*=*=*=*=*=*=*=*=*=*
2019-01-17 14:50:33,707 INFO =*=*=*=*=*=*=*=*=*=*=*=*=*=*=*=*=*=*=*=*=*
2019-01-17 14:50:33,707 INFO =*=*=*=*=*=.      NEW LOG      =*=*=*=*=*
2019-01-17 14:50:33,707 INFO =*=*=*=*=*=*=*=*=*=*=*=*=*=*=*=*=*=*=*=*=*
2019-01-17 14:50:51,599 INFO BEST PLAYER VERSION: 37
2019-01-17 14:50:51,599 INFO ====================
2019-01-17 14:50:51,599 INFO EPISODE 1 OF 25
2019-01-17 14:50:51,599 INFO ====================
2019-01-17 14:50:51,599 INFO best_player plays as X
2019-01-17 14:50:51,599 INFO ['-', '-', '-', '-', '-', '-', '-']
2019-01-17 14:50:51,599 INFO ['-', '-', '-', '-', '-', '-', '-']
2019-01-17 14:50:51,599 INFO ['-', '-', '-', '-', '-', '-', '-']
2019-01-17 14:50:51,599 INFO ['-', '-', '-', '-', '-', '-', '-']
2019-01-17 14:50:51,599 INFO ['-', '-', '-', '-', '-', '-', '-']
2019-01-17 14:50:51,599 INFO ['-', '-', '-', '-', '-', '-', '-']
2019-01-17 14:50:51,599 INFO --------------
2019-01-17 14:50:54,066 INFO action: 38
2019-01-17 14:50:54,066 INFO ['----', '----', '----', '----', '----', '----', '----']
2019-01-17 14:50:54,066 INFO ['----', '----', '----', '----', '----', '----', '----']
2019-01-17 14:50:54,066 INFO ['----', '----', '----', '----', '----', '----', '----']
2019-01-17 14:50:54,066 INFO ['----', '----', '----', '----', '----', '----', '----']
2019-01-17 14:50:54,066 INFO ['----', '----', '----', '----', '----', '----', '----']
2019-01-17 14:50:54,066 INFO ['0.02', '0.02', '0.02', '0.88', '0.02', '0.02', '0.02']
2019-01-17 14:50:54,066 INFO MCTS perceived value for X: 0.310000
2019-01-17 14:50:54,066 INFO NN perceived value for X: 0.420000
2019-01-17 14:50:54,066 INFO ====================
2019-01-17 14:50:54,066 INFO ['-', '-', '-', '-', '-', '-', '-']
2019-01-17 14:50:54,066 INFO ['-', '-', '-', '-', '-', '-', '-']
2019-01-17 14:50:54,066 INFO ['-', '-', '-', '-', '-', '-', '-']
2019-01-17 14:50:54,066 INFO ['-', '-', '-', '-', '-', '-', '-']
2019-01-17 14:50:54,066 INFO ['-', '-', '-', '-', '-', '-', '-']
2019-01-17 14:50:54,066 INFO ['-', '-', '-', 'X', '-', '-', '-']
2019-01-17 14:50:54,066 INFO --------------
2019-01-17 14:50:55,926 INFO action: 39
2019-01-17 14:50:55,926 INFO ['----', '----', '----', '----', '----', '----', '----']
2019-01-17 14:50:55,926 INFO ['----', '----', '----', '----', '----', '----', '----']
2019-01-17 14:50:55,926 INFO ['----', '----', '----', '----', '----', '----', '----']
2019-01-17 14:50:55,926 INFO ['----', '----', '----', '----', '----', '----', '----']
2019-01-17 14:50:55,926 INFO ['----', '----', '----', '0.05', '----', '----', '----']
2019-01-17 14:50:55,926 INFO ['0.03', '0.12', '0.12', '----', '0.57', '0.08', '0.03']
2019-01-17 14:50:55,926 INFO MCTS perceived value for O: -0.200000
2019-01-17 14:50:55,926 INFO NN perceived value for O: -0.140000
2019-01-17 14:50:55,926 INFO ====================
2019-01-17 14:50:55,926 INFO ['-', '-', '-', '-', '-', '-', '-']
2019-01-17 14:50:55,926 INFO ['-', '-', '-', '-', '-', '-', '-']
2019-01-17 14:50:55,926 INFO ['-', '-', '-', '-', '-', '-', '-']
2019-01-17 14:50:55,926 INFO ['-', '-', '-', '-', '-', '-', '-']
2019-01-17 14:50:55,926 INFO ['-', '-', '-', '-', '-', '-', '-']
2019-01-17 14:50:55,926 INFO ['-', '-', '-', 'X', 'O', '-', '-']
2019-01-17 14:50:55,926 INFO --------------
2019-01-17 14:50:57,630 INFO action: 37
2019-01-17 14:50:57,630 INFO ['----', '----', '----', '----', '----', '----', '----']
2019-01-17 14:50:57,630 INFO ['----', '----', '----', '----', '----', '----', '----']
2019-01-17 14:50:57,630 INFO ['----', '----', '----', '----', '----', '----', '----']
2019-01-17 14:50:57,630 INFO ['----', '----', '----', '----', '----', '----', '----']
2019-01-17 14:50:57,630 INFO ['----', '----', '----', '0.02', '0.65', '----', '----']
2019-01-17 14:50:57,630 INFO ['0.09', '0.08', '0.05', '----', '----', '0.04', '0.07']
2019-01-17 14:50:57,630 INFO MCTS perceived value for X: 0.060000
2019-01-17 14:50:57,630 INFO NN perceived value for X: 0.160000
2019-01-17 14:50:57,630 INFO ====================
2019-01-17 14:50:57,630 INFO ['-', '-', '-', '-', '-', '-', '-']
2019-01-17 14:50:57,630 INFO ['-', '-', '-', '-', '-', '-', '-']
2019-01-17 14:50:57,630 INFO ['-', '-', '-', '-', '-', '-', '-']
2019-01-17 14:50:57,630 INFO ['-', '-', '-', '-', '-', '-', '-']
2019-01-17 14:50:57,630 INFO ['-', '-', '-', '-', '-', '-', '-']
2019-01-17 14:50:57,630 INFO ['-', '-', 'X', 'X', 'O', '-', '-']
2019-01-17 14:50:57,630 INFO --------------
2019-01-17 14:50:59,506 INFO action: 30
2019-01-17 14:50:59,506 INFO ['----', '----', '----', '----', '----', '----', '----']
2019-01-17 14:50:59,506 INFO ['----', '----', '----', '----', '----', '----', '----']
2019-01-17 14:50:59,506 INFO ['----', '----', '----', '----', '----', '----', '----']
2019-01-17 14:50:59,506 INFO ['----', '----', '----', '----', '----', '----', '----']
2019-01-17 14:50:59,506 INFO ['----', '----', '0.46', '0.04', '0.22', '----', '----']
2019-01-17 14:50:59,506 INFO ['0.07', '0.17', '----', '----', '----', '0.02', '0.02']
2019-01-17 14:50:59,506 INFO MCTS perceived value for O: 0.180000
2019-01-17 14:50:59,506 INFO NN perceived value for O: -0.080000
2019-01-17 14:50:59,506 INFO ====================
2019-01-17 14:50:59,506 INFO ['-', '-', '-', '-', '-', '-', '-']
2019-01-17 14:50:59,506 INFO ['-', '-', '-', '-', '-', '-', '-']
2019-01-17 14:50:59,506 INFO ['-', '-', '-', '-', '-', '-', '-']
2019-01-17 14:50:59,506 INFO ['-', '-', '-', '-', '-', '-', '-']
2019-01-17 14:50:59,506 INFO ['-', '-', 'O', '-', '-', '-', '-']
2019-01-17 14:50:59,506 INFO ['-', '-', 'X', 'X', 'O', '-', '-']
2019-01-17 14:50:59,506 INFO --------------
2019-01-17 14:51:01,008 INFO action: 23
2019-01-17 14:51:01,008 INFO ['----', '----', '----', '----', '----', '----', '----']
2019-01-17 14:51:01,008 INFO ['----', '----', '----', '----', '----', '----', '----']
2019-01-17 14:51:01,008 INFO ['----', '----', '----', '----', '----', '----', '----']
2019-01-17 14:51:01,008 INFO ['----', '----', '0.54', '----', '----', '----', '----']
2019-01-17 14:51:01,008 INFO ['----', '----', '----', '0.05', '0.15', '----', '----']
2019-01-17 14:51:01,023 INFO ['0.08', '0.12', '----', '----', '----', '0.04', '0.01']
2019-01-17 14:51:01,023 INFO MCTS perceived value for X: -0.040000
2019-01-17 14:51:01,023 INFO NN perceived value for X: -0.020000
2019-01-17 14:51:01,023 INFO ====================
2019-01-17 14:51:01,023 INFO ['-', '-', '-', '-', '-', '-', '-']
2019-01-17 14:51:01,023 INFO ['-', '-', '-', '-', '-', '-', '-']
2019-01-17 14:51:01,023 INFO ['-', '-', '-', '-', '-', '-', '-']
2019-01-17 14:51:01,023 INFO ['-', '-', 'X', '-', '-', '-', '-']
2019-01-17 14:51:01,023 INFO ['-', '-', 'O', '-', '-', '-', '-']
2019-01-17 14:51:01,023 INFO ['-', '-', 'X', 'X', 'O', '-', '-']
2019-01-17 14:51:01,023 INFO --------------
2019-01-17 14:51:02,594 INFO action: 32
2019-01-17 14:51:02,594 INFO ['----', '----', '----', '----', '----', '----', '----']
2019-01-17 14:51:02,594 INFO ['----', '----', '----', '----', '----', '----', '----']
2019-01-17 14:51:02,594 INFO ['----', '----', '0.18', '----', '----', '----', '----']
2019-01-17 14:51:02,594 INFO ['----', '----', '----', '----', '----', '----', '----']
2019-01-17 14:51:02,594 INFO ['----', '----', '----', '0.13', '0.54', '----', '----']
2019-01-17 14:51:02,594 INFO ['0.06', '0.04', '----', '----', '----', '0.02', '0.02']
2019-01-17 14:51:02,594 INFO MCTS perceived value for O: 0.010000
2019-01-17 14:51:02,594 INFO NN perceived value for O: 0.090000
2019-01-17 14:51:02,594 INFO ====================
2019-01-17 14:51:02,594 INFO ['-', '-', '-', '-', '-', '-', '-']
2019-01-17 14:51:02,594 INFO ['-', '-', '-', '-', '-', '-', '-']
2019-01-17 14:51:02,594 INFO ['-', '-', '-', '-', '-', '-', '-']
2019-01-17 14:51:02,594 INFO ['-', '-', 'X', '-', '-', '-', '-']
2019-01-17 14:51:02,594 INFO ['-', '-', 'O', '-', 'O', '-', '-']
2019-01-17 14:51:02,594 INFO ['-', '-', 'X', 'X', 'O', '-', '-']
2019-01-17 14:51:02,594 INFO --------------
2019-01-17 14:51:04,239 INFO action: 16
2019-01-17 14:51:04,239 INFO ['----', '----', '----', '----', '----', '----', '----']
2019-01-17 14:51:04,239 INFO ['----', '----', '----', '----', '----', '----', '----']
2019-01-17 14:51:04,239 INFO ['----', '----', '0.80', '----', '----', '----', '----']
2019-01-17 14:51:04,239 INFO ['----', '----', '----', '----', '0.08', '----', '----']
2019-01-17 14:51:04,239 INFO ['----', '----', '----', '0.05', '----', '----', '----']
2019-01-17 14:51:04,239 INFO ['0.01', '0.03', '----', '----', '----', '0.01', '0.01']
2019-01-17 14:51:04,239 INFO MCTS perceived value for X: 0.170000
2019-01-17 14:51:04,239 INFO NN perceived value for X: 0.080000
2019-01-17 14:51:04,239 INFO ====================
2019-01-17 14:51:04,239 INFO ['-', '-', '-', '-', '-', '-', '-']
2019-01-17 14:51:04,239 INFO ['-', '-', '-', '-', '-', '-', '-']
2019-01-17 14:51:04,239 INFO ['-', '-', 'X', '-', '-', '-', '-']
2019-01-17 14:51:04,239 INFO ['-', '-', 'X', '-', '-', '-', '-']
2019-01-17 14:51:04,239 INFO ['-', '-', 'O', '-', 'O', '-', '-']
2019-01-17 14:51:04,239 INFO ['-', '-', 'X', 'X', 'O', '-', '-']
2019-01-17 14:51:04,239 INFO --------------
2019-01-17 14:51:05,796 INFO action: 9
2019-01-17 14:51:05,796 INFO ['----', '----', '----', '----', '----', '----', '----']
2019-01-17 14:51:05,796 INFO ['----', '----', '0.55', '----', '----', '----', '----']
2019-01-17 14:51:05,796 INFO ['----', '----', '----', '----', '----', '----', '----']
2019-01-17 14:51:05,796 INFO ['----', '----', '----', '----', '0.13', '----', '----']
2019-01-17 14:51:05,796 INFO ['----', '----', '----', '0.11', '----', '----', '----']
2019-01-17 14:51:05,796 INFO ['0.08', '0.06', '----', '----', '----', '0.03', '0.03']
2019-01-17 14:51:05,796 INFO MCTS perceived value for O: 0.120000
2019-01-17 14:51:05,796 INFO NN perceived value for O: 0.010000
2019-01-17 14:51:05,796 INFO ====================
2019-01-17 14:51:05,796 INFO ['-', '-', '-', '-', '-', '-', '-']
2019-01-17 14:51:05,796 INFO ['-', '-', 'O', '-', '-', '-', '-']
2019-01-17 14:51:05,796 INFO ['-', '-', 'X', '-', '-', '-', '-']
2019-01-17 14:51:05,796 INFO ['-', '-', 'X', '-', '-', '-', '-']
2019-01-17 14:51:05,796 INFO ['-', '-', 'O', '-', 'O', '-', '-']
2019-01-17 14:51:05,796 INFO ['-', '-', 'X', 'X', 'O', '-', '-']
2019-01-17 14:51:05,796 INFO --------------
2019-01-17 14:51:07,499 INFO action: 2
2019-01-17 14:51:07,499 INFO ['----', '----', '0.40', '----', '----', '----', '----']
2019-01-17 14:51:07,499 INFO ['----', '----', '----', '----', '----', '----', '----']
2019-01-17 14:51:07,499 INFO ['----', '----', '----', '----', '----', '----', '----']
2019-01-17 14:51:07,499 INFO ['----', '----', '----', '----', '0.32', '----', '----']
2019-01-17 14:51:07,499 INFO ['----', '----', '----', '0.13', '----', '----', '----']
2019-01-17 14:51:07,499 INFO ['0.04', '0.05', '----', '----', '----', '0.03', '0.03']
2019-01-17 14:51:07,499 INFO MCTS perceived value for X: 0.190000
2019-01-17 14:51:07,499 INFO NN perceived value for X: 0.070000
2019-01-17 14:51:07,499 INFO ====================
2019-01-17 14:51:07,499 INFO ['-', '-', 'X', '-', '-', '-', '-']
2019-01-17 14:51:07,499 INFO ['-', '-', 'O', '-', '-', '-', '-']
2019-01-17 14:51:07,499 INFO ['-', '-', 'X', '-', '-', '-', '-']
2019-01-17 14:51:07,499 INFO ['-', '-', 'X', '-', '-', '-', '-']
2019-01-17 14:51:07,499 INFO ['-', '-', 'O', '-', 'O', '-', '-']
2019-01-17 14:51:07,499 INFO ['-', '-', 'X', 'X', 'O', '-', '-']
2019-01-17 14:51:07,499 INFO --------------
2019-01-17 14:51:09,065 INFO action: 25
2019-01-17 14:51:09,065 INFO ['----', '----', '----', '----', '----', '----', '----']
2019-01-17 14:51:09,065 INFO ['----', '----', '----', '----', '----', '----', '----']
2019-01-17 14:51:09,065 INFO ['----', '----', '----', '----', '----', '----', '----']
2019-01-17 14:51:09,065 INFO ['----', '----', '----', '----', '0.65', '----', '----']
2019-01-17 14:51:09,065 INFO ['----', '----', '----', '0.09', '----', '----', '----']
2019-01-17 14:51:09,065 INFO ['0.08', '0.08', '----', '----', '----', '0.04', '0.05']
2019-01-17 14:51:09,065 INFO MCTS perceived value for O: -0.010000
2019-01-17 14:51:09,065 INFO NN perceived value for O: 0.350000
2019-01-17 14:51:09,065 INFO ====================
2019-01-17 14:51:09,065 INFO ['-', '-', 'X', '-', '-', '-', '-']
2019-01-17 14:51:09,065 INFO ['-', '-', 'O', '-', '-', '-', '-']
2019-01-17 14:51:09,065 INFO ['-', '-', 'X', '-', '-', '-', '-']
2019-01-17 14:51:09,065 INFO ['-', '-', 'X', '-', 'O', '-', '-']
2019-01-17 14:51:09,065 INFO ['-', '-', 'O', '-', 'O', '-', '-']
2019-01-17 14:51:09,065 INFO ['-', '-', 'X', 'X', 'O', '-', '-']
2019-01-17 14:51:09,065 INFO --------------
